<?xml version="1.0" encoding="UTF-8"?>
<testng-results skipped="0" failed="0" ignored="0" total="1" passed="1">
  <reporter-output>
  </reporter-output>
  <suite name="Default suite" duration-ms="8273" started-at="2023-02-27T20:21:52 EST" finished-at="2023-02-27T20:22:00 EST">
    <groups>
    </groups>
    <test name="Default test" duration-ms="8273" started-at="2023-02-27T20:21:52 EST" finished-at="2023-02-27T20:22:00 EST">
      <class name="com.testCases.FWA_019">
        <test-method status="PASS" signature="setup()[pri:0, instance:com.testCases.FWA_019@289d1c02]" name="setup" is-config="true" duration-ms="5911" started-at="2023-02-27T20:21:52 EST" finished-at="2023-02-27T20:21:58 EST">
          <reporter-output>
          </reporter-output>
        </test-method> <!-- setup -->
        <test-method status="PASS" signature="freshiiLogin()[pri:1, instance:com.testCases.FWA_019@289d1c02]" name="freshiiLogin" duration-ms="1456" started-at="2023-02-27T20:21:58 EST" finished-at="2023-02-27T20:21:59 EST">
          <reporter-output>
          </reporter-output>
        </test-method> <!-- freshiiLogin -->
        <test-method status="PASS" signature="tearDown()[pri:0, instance:com.testCases.FWA_019@289d1c02]" name="tearDown" is-config="true" duration-ms="833" started-at="2023-02-27T20:21:59 EST" finished-at="2023-02-27T20:22:00 EST">
          <reporter-output>
          </reporter-output>
        </test-method> <!-- tearDown -->
      </class> <!-- com.testCases.FWA_019 -->
    </test> <!-- Default test -->
  </suite> <!-- Default suite -->
</testng-results>
